<?xml version="1.0" encoding="UTF-8"?>
<!-- Generated by org.testng.reporters.JUnitReportReporter -->
<testsuite hostname="My_Y500" name="TestArrayIsSorted" tests="3" failures="0" timestamp="11 Mar 2014 19:36:18 GMT" time="0.008" errors="0">
  <testcase name="testingTest2" time="0.001" classname="TestArrayIsSorted"/>
  <testcase name="testingTest2" time="0.000" classname="TestArrayIsSorted"/>
  <testcase name="testingTest2" time="0.007" classname="TestArrayIsSorted"/>
</testsuite>
